TN:
SF:src\app.controller.ts
FN:7,(anonymous_2)
FN:10,(anonymous_3)
FN:16,(anonymous_4)
FNF:3
FNH:2
FNDA:1,(anonymous_2)
FNDA:1,(anonymous_3)
FNDA:0,(anonymous_4)
DA:1,1
DA:2,1
DA:3,1
DA:6,1
DA:7,1
DA:10,1
DA:11,1
DA:16,1
DA:17,0
LF:9
LH:8
BRF:0
BRH:0
end_of_record
TN:
SF:src\app.module.ts
FNF:0
FNH:0
DA:1,0
DA:2,0
DA:3,0
DA:4,0
DA:5,0
DA:6,0
DA:7,0
DA:8,0
DA:9,0
DA:10,0
DA:11,0
DA:12,0
DA:13,0
DA:14,0
DA:15,0
DA:16,0
DA:56,0
LF:17
LH:0
BRF:0
BRH:0
end_of_record
TN:
SF:src\app.service.ts
FN:5,(anonymous_1)
FNF:1
FNH:1
FNDA:1,(anonymous_1)
DA:1,1
DA:4,1
DA:6,1
DA:7,1
LF:4
LH:4
BRF:0
BRH:0
end_of_record
TN:
SF:src\main.ts
FN:11,bootstrap
FNF:1
FNH:0
FNDA:0,bootstrap
DA:1,0
DA:2,0
DA:3,0
DA:5,0
DA:6,0
DA:7,0
DA:8,0
DA:9,0
DA:12,0
DA:13,0
DA:14,0
DA:15,0
DA:16,0
DA:17,0
DA:18,0
DA:23,0
DA:24,0
DA:26,0
DA:27,0
DA:29,0
LF:20
LH:0
BRF:0
BRH:0
end_of_record
TN:
SF:src\Validator\abstractvalidator.ts
FN:11,(anonymous_0)
FN:14,(anonymous_1)
FN:24,(anonymous_2)
FN:33,(anonymous_3)
FNF:4
FNH:3
FNDA:61,(anonymous_0)
FNDA:8,(anonymous_1)
FNDA:8,(anonymous_2)
FNDA:0,(anonymous_3)
DA:1,11
DA:6,11
DA:9,11
DA:12,61
DA:15,8
DA:17,8
DA:19,0
DA:24,8
DA:25,8
DA:27,8
DA:32,11
DA:34,0
DA:35,0
LF:13
LH:10
BRDA:17,0,0,0
BRDA:17,0,1,8
BRF:2
BRH:1
end_of_record
TN:
SF:src\Validator\permission-validator.ts
FN:8,(anonymous_2)
FNF:1
FNH:1
FNDA:9,(anonymous_2)
DA:1,2
DA:4,2
DA:7,2
DA:9,9
DA:11,9
DA:17,9
LF:6
LH:6
BRF:0
BRH:0
end_of_record
TN:
SF:src\Validator\product-validator.ts
FN:7,(anonymous_2)
FNF:1
FNH:1
FNDA:9,(anonymous_2)
DA:1,2
DA:3,2
DA:6,2
DA:8,9
DA:10,9
LF:5
LH:5
BRF:0
BRH:0
end_of_record
TN:
SF:src\Validator\request-access-validator.ts
FN:9,(anonymous_2)
FN:18,(anonymous_3)
FN:20,(anonymous_4)
FN:23,(anonymous_5)
FN:25,(anonymous_6)
FNF:5
FNH:3
FNDA:12,(anonymous_2)
FNDA:0,(anonymous_3)
FNDA:1,(anonymous_4)
FNDA:0,(anonymous_5)
FNDA:1,(anonymous_6)
DA:1,2
DA:3,2
DA:4,2
DA:5,2
DA:8,2
DA:9,12
DA:10,12
DA:11,12
DA:13,12
DA:17,12
DA:18,0
DA:20,1
DA:22,12
DA:23,0
DA:25,1
DA:27,12
DA:31,12
DA:35,12
DA:39,12
LF:19
LH:17
BRDA:20,0,0,1
BRDA:20,0,1,1
BRDA:25,1,0,1
BRDA:25,1,1,1
BRF:4
BRH:4
end_of_record
TN:
SF:src\Validator\role.validator.ts
FN:8,(anonymous_2)
FNF:1
FNH:1
FNDA:9,(anonymous_2)
DA:1,1
DA:4,1
DA:7,1
DA:9,9
DA:11,9
DA:12,9
LF:6
LH:6
BRF:0
BRH:0
end_of_record
TN:
SF:src\Validator\tenant-validator.ts
FN:7,(anonymous_2)
FNF:1
FNH:1
FNDA:9,(anonymous_2)
DA:1,2
DA:3,2
DA:6,2
DA:8,9
DA:10,9
DA:12,9
DA:16,9
DA:20,9
DA:24,9
LF:9
LH:9
BRF:0
BRH:0
end_of_record
TN:
SF:src\Validator\user-validator.ts
FN:8,(anonymous_2)
FN:37,(anonymous_3)
FN:40,(anonymous_4)
FNF:3
FNH:2
FNDA:13,(anonymous_2)
FNDA:0,(anonymous_3)
FNDA:2,(anonymous_4)
DA:1,5
DA:3,5
DA:4,5
DA:7,5
DA:8,13
DA:9,13
DA:11,13
DA:12,13
DA:19,13
DA:23,13
DA:27,13
DA:31,13
DA:35,13
DA:37,0
DA:40,2
DA:42,13
LF:16
LH:15
BRDA:40,0,0,2
BRDA:40,0,1,2
BRF:2
BRH:2
end_of_record
TN:
SF:src\common\request-access.enum.ts
FN:1,(anonymous_0)
FNF:1
FNH:1
FNDA:2,(anonymous_0)
DA:1,2
DA:2,2
DA:3,2
DA:4,2
LF:4
LH:4
BRDA:1,0,0,2
BRDA:1,0,1,2
BRF:2
BRH:2
end_of_record
TN:
SF:src\common\cache\cache-key.ts
FN:8,(anonymous_0)
FNF:1
FNH:1
FNDA:2,(anonymous_0)
DA:3,2
DA:8,2
DA:9,2
DA:10,2
DA:11,2
LF:5
LH:5
BRDA:8,0,0,2
BRDA:8,0,1,2
BRF:2
BRH:2
end_of_record
TN:
SF:src\common\cache\cache-module-options.config.ts
FN:6,(anonymous_0)
FN:22,(anonymous_1)
FNF:2
FNH:0
FNDA:0,(anonymous_0)
FNDA:0,(anonymous_1)
DA:2,0
DA:3,0
DA:5,0
DA:7,0
DA:20,0
DA:24,0
LF:6
LH:0
BRF:0
BRH:0
end_of_record
TN:
SF:src\common\cache\cache.constants.ts
FNF:0
FNH:0
DA:1,2
LF:1
LH:1
BRF:0
BRH:0
end_of_record
TN:
SF:src\common\cache\redis-cache.module.ts
FNF:0
FNH:0
DA:1,0
DA:2,0
DA:8,0
LF:3
LH:0
BRF:0
BRH:0
end_of_record
TN:
SF:src\common\cache\decorators\cache-key.decorator.ts
FN:9,(anonymous_0)
FNF:1
FNH:0
FNDA:0,(anonymous_0)
DA:1,0
DA:7,0
DA:9,0
DA:10,0
LF:4
LH:0
BRF:0
BRH:0
end_of_record
TN:
SF:src\common\cache\decorators\cache.decorator.ts
FN:6,Cache
FNF:1
FNH:1
FNDA:2,Cache
DA:1,2
DA:3,2
DA:4,2
DA:6,2
DA:7,2
LF:5
LH:5
BRF:0
BRH:0
end_of_record
TN:
SF:src\common\cache\decorators\invalidate-cache.decorator.ts
FN:6,InvalidateCache
FNF:1
FNH:1
FNDA:3,InvalidateCache
DA:1,1
DA:3,1
DA:4,1
DA:6,1
DA:7,3
LF:5
LH:5
BRF:0
BRH:0
end_of_record
TN:
SF:src\common\cache\interceptors\cache.interceptor.ts
FN:15,(anonymous_2)
FN:19,(anonymous_3)
FNF:2
FNH:0
FNDA:0,(anonymous_2)
FNDA:0,(anonymous_3)
DA:1,2
DA:9,2
DA:10,2
DA:11,2
DA:14,2
DA:15,0
DA:16,0
DA:20,0
DA:25,0
DA:26,0
DA:27,0
DA:28,0
DA:30,0
DA:31,0
DA:32,0
DA:37,0
DA:38,0
DA:40,0
LF:18
LH:5
BRDA:25,0,0,0
BRDA:25,0,1,0
BRDA:25,1,0,0
BRDA:25,1,1,0
BRDA:25,2,0,0
BRDA:25,2,1,0
BRDA:25,3,0,0
BRDA:25,3,1,0
BRDA:25,4,0,0
BRDA:25,4,1,0
BRDA:25,5,0,0
BRDA:25,5,1,0
BRDA:27,6,0,0
BRDA:27,7,0,0
BRDA:27,7,1,0
BRDA:27,8,0,0
BRDA:27,8,1,0
BRDA:27,9,0,0
BRDA:27,9,1,0
BRDA:27,10,0,0
BRDA:27,10,1,0
BRDA:30,11,0,0
BRDA:30,11,1,0
BRDA:30,12,0,0
BRDA:30,12,1,0
BRDA:30,13,0,0
BRDA:30,13,1,0
BRDA:30,14,0,0
BRDA:30,14,1,0
BRDA:30,15,0,0
BRDA:30,15,1,0
BRDA:30,16,0,0
BRDA:30,16,1,0
BRDA:32,17,0,0
BRDA:33,18,0,0
BRDA:33,18,1,0
BRDA:33,18,2,0
BRDA:33,19,0,0
BRDA:33,19,1,0
BRDA:33,20,0,0
BRDA:33,20,1,0
BRDA:34,21,0,0
BRDA:34,21,1,0
BRDA:34,22,0,0
BRDA:34,22,1,0
BRF:45
BRH:0
end_of_record
TN:
SF:src\common\cache\interceptors\invalidate-cache.interceptor.ts
FN:13,(anonymous_2)
FN:16,(anonymous_3)
FNF:2
FNH:0
FNDA:0,(anonymous_2)
FNDA:0,(anonymous_3)
DA:1,2
DA:7,2
DA:8,2
DA:9,2
DA:12,2
DA:13,0
DA:14,0
DA:17,0
DA:22,0
DA:23,0
DA:25,0
DA:26,0
DA:27,0
DA:28,0
DA:29,0
DA:31,0
DA:32,0
DA:33,0
DA:34,0
DA:35,0
DA:36,0
DA:37,0
DA:42,0
DA:43,0
DA:44,0
DA:46,0
LF:26
LH:5
BRDA:25,0,0,0
BRDA:25,0,1,0
BRDA:25,1,0,0
BRDA:25,1,1,0
BRDA:27,2,0,0
BRDA:27,3,0,0
BRDA:27,3,1,0
BRDA:27,4,0,0
BRDA:27,4,1,0
BRDA:27,5,0,0
BRDA:27,5,1,0
BRDA:27,6,0,0
BRDA:27,6,1,0
BRDA:32,7,0,0
BRDA:32,7,1,0
BRDA:32,8,0,0
BRDA:32,8,1,0
BRDA:37,9,0,0
BRDA:38,10,0,0
BRDA:38,10,1,0
BRDA:38,10,2,0
BRF:21
BRH:0
end_of_record
TN:
SF:src\common\decorators\permissions.decorator.ts
FN:4,(anonymous_0)
FNF:1
FNH:1
FNDA:5,(anonymous_0)
DA:1,1
DA:3,1
DA:4,1
DA:5,5
LF:4
LH:4
BRF:0
BRH:0
end_of_record
TN:
SF:src\common\decorators\permissions.enum.ts
FN:1,(anonymous_0)
FN:9,(anonymous_1)
FNF:2
FNH:2
FNDA:1,(anonymous_0)
FNDA:1,(anonymous_1)
DA:1,1
DA:2,1
DA:3,1
DA:4,1
DA:5,1
DA:6,1
DA:9,1
DA:10,1
DA:11,1
DA:12,1
DA:13,1
DA:14,1
DA:15,1
DA:16,1
DA:17,1
DA:18,1
DA:19,1
DA:20,1
DA:21,1
DA:22,1
DA:23,1
DA:24,1
DA:25,1
DA:26,1
DA:27,1
DA:28,1
DA:29,1
DA:30,1
LF:28
LH:28
BRDA:1,0,0,1
BRDA:1,0,1,1
BRDA:9,1,0,1
BRDA:9,1,1,1
BRF:4
BRH:4
end_of_record
TN:
SF:src\common\decorators\public.decorator.ts
FN:2,(anonymous_0)
FNF:1
FNH:1
FNDA:4,(anonymous_0)
DA:1,2
DA:2,4
LF:2
LH:2
BRF:0
BRH:0
end_of_record
TN:
SF:src\common\filters\http-exception.filter.ts
FN:7,(anonymous_1)
FNF:1
FNH:0
FNDA:0,(anonymous_1)
DA:1,0
DA:6,0
DA:8,0
DA:9,0
DA:10,0
DA:12,0
DA:13,0
DA:22,0
LF:8
LH:0
BRDA:10,0,0,0
BRDA:10,0,1,0
BRDA:12,1,0,0
BRDA:23,2,0,0
BRDA:23,2,1,0
BRDA:28,3,0,0
BRDA:28,3,1,0
BRF:7
BRH:0
end_of_record
TN:
SF:src\common\guards\jwt-auth.guard.ts
FN:7,(anonymous_2)
FN:11,(anonymous_3)
FNF:2
FNH:1
FNDA:1,(anonymous_2)
FNDA:0,(anonymous_3)
DA:1,1
DA:2,1
DA:3,1
DA:6,1
DA:7,1
DA:8,1
DA:12,0
DA:17,0
DA:18,0
DA:21,0
LF:10
LH:6
BRDA:17,0,0,0
BRF:1
BRH:0
end_of_record
TN:
SF:src\common\guards\permissions.guard.ts
FN:9,(anonymous_2)
FN:16,(anonymous_3)
FN:18,(anonymous_4)
FN:25,(anonymous_5)
FN:31,(anonymous_6)
FN:54,(anonymous_7)
FNF:6
FNH:0
FNDA:0,(anonymous_2)
FNDA:0,(anonymous_3)
FNDA:0,(anonymous_4)
FNDA:0,(anonymous_5)
FNDA:0,(anonymous_6)
FNDA:0,(anonymous_7)
DA:1,0
DA:2,0
DA:3,0
DA:4,0
DA:5,0
DA:8,0
DA:10,0
DA:11,0
DA:12,0
DA:17,0
DA:18,0
DA:19,0
DA:21,0
DA:26,0
DA:27,0
DA:28,0
DA:32,0
DA:38,0
DA:40,0
DA:43,0
DA:45,0
DA:47,0
DA:48,0
DA:51,0
DA:52,0
DA:54,0
DA:55,0
LF:27
LH:0
BRDA:38,0,0,0
BRDA:43,1,0,0
BRDA:45,2,0,0
BRF:3
BRH:0
end_of_record
TN:
SF:src\common\interceptors\notfound.interceptor.ts
FN:7,(anonymous_1)
FN:9,(anonymous_2)
FNF:2
FNH:0
FNDA:0,(anonymous_1)
FNDA:0,(anonymous_2)
DA:1,0
DA:3,0
DA:6,0
DA:8,0
DA:10,0
LF:5
LH:0
BRDA:10,0,0,0
BRF:1
BRH:0
end_of_record
TN:
SF:src\common\interceptors\tenant.interceptor.ts
FN:15,(anonymous_2)
FN:16,(anonymous_3)
FN:25,(anonymous_4)
FNF:3
FNH:0
FNDA:0,(anonymous_2)
FNDA:0,(anonymous_3)
FNDA:0,(anonymous_4)
DA:1,2
DA:9,2
DA:10,2
DA:11,2
DA:14,2
DA:15,0
DA:20,0
DA:24,0
DA:25,0
DA:26,0
DA:27,0
DA:28,0
DA:32,0
DA:36,0
LF:14
LH:5
BRDA:20,0,0,0
BRDA:20,1,0,0
BRDA:20,1,1,0
BRDA:20,2,0,0
BRDA:20,2,1,0
BRDA:20,3,0,0
BRDA:20,3,1,0
BRDA:20,4,0,0
BRDA:20,4,1,0
BRDA:20,5,0,0
BRDA:20,5,1,0
BRDA:20,6,0,0
BRDA:20,6,1,0
BRDA:20,7,0,0
BRDA:20,7,1,0
BRDA:20,8,0,0
BRDA:20,8,1,0
BRDA:26,9,0,0
BRDA:26,9,1,0
BRF:19
BRH:0
end_of_record
TN:
SF:src\common\modules\permission.module.ts
FNF:0
FNH:0
DA:1,0
DA:2,0
DA:3,0
DA:4,0
DA:5,0
DA:6,0
DA:7,0
DA:8,0
DA:9,0
DA:10,0
DA:11,0
DA:12,0
DA:13,0
DA:14,0
DA:15,0
DA:16,0
DA:17,0
DA:18,0
DA:19,0
DA:20,0
DA:21,0
DA:22,0
DA:52,0
LF:23
LH:0
BRF:0
BRH:0
end_of_record
TN:
SF:src\common\modules\product.module.ts
FNF:0
FNH:0
DA:1,0
DA:2,0
DA:3,0
DA:4,0
DA:5,0
DA:6,0
DA:7,0
DA:17,0
LF:8
LH:0
BRF:0
BRH:0
end_of_record
TN:
SF:src\common\modules\request-access.module.ts
FNF:0
FNH:0
DA:1,0
DA:2,0
DA:3,0
DA:4,0
DA:5,0
DA:6,0
DA:7,0
DA:8,0
DA:9,0
DA:10,0
DA:11,0
DA:12,0
DA:13,0
DA:14,0
DA:15,0
DA:16,0
DA:17,0
DA:18,0
DA:19,0
DA:20,0
DA:47,0
LF:21
LH:0
BRF:0
BRH:0
end_of_record
TN:
SF:src\common\modules\role.module.ts
FNF:0
FNH:0
DA:1,0
DA:3,0
DA:4,0
DA:5,0
DA:6,0
DA:7,0
DA:8,0
DA:9,0
DA:10,0
DA:11,0
DA:12,0
DA:13,0
DA:14,0
DA:15,0
DA:16,0
DA:17,0
DA:18,0
DA:19,0
DA:20,0
DA:21,0
DA:41,0
LF:21
LH:0
BRF:0
BRH:0
end_of_record
TN:
SF:src\common\modules\tenant.module.ts
FNF:0
FNH:0
DA:1,0
DA:2,0
DA:3,0
DA:4,0
DA:5,0
DA:6,0
DA:7,0
DA:17,0
LF:8
LH:0
BRF:0
BRH:0
end_of_record
TN:
SF:src\common\modules\tenant.ts
FN:9,(anonymous_1)
FN:13,(anonymous_2)
FNF:2
FNH:0
FNDA:0,(anonymous_1)
FNDA:0,(anonymous_2)
DA:1,2
DA:6,2
DA:10,0
DA:14,0
LF:4
LH:2
BRF:0
BRH:0
end_of_record
TN:
SF:src\common\modules\user.module.ts
FNF:0
FNH:0
DA:1,0
DA:2,0
DA:3,0
DA:4,0
DA:5,0
DA:6,0
DA:7,0
DA:8,0
DA:9,0
DA:10,0
DA:11,0
DA:12,0
DA:13,0
DA:14,0
DA:15,0
DA:16,0
DA:17,0
DA:18,0
DA:19,0
DA:36,0
LF:20
LH:0
BRF:0
BRH:0
end_of_record
TN:
SF:src\common\strategies\jwt.strategy.ts
FN:17,(anonymous_2)
FN:25,(anonymous_3)
FN:43,(anonymous_4)
FNF:3
FNH:0
FNDA:0,(anonymous_2)
FNDA:0,(anonymous_3)
FNDA:0,(anonymous_4)
DA:1,0
DA:2,0
DA:3,0
DA:4,0
DA:5,0
DA:6,0
DA:8,0
DA:16,0
DA:17,0
DA:19,0
DA:26,0
DA:27,0
DA:30,0
DA:40,0
DA:44,0
DA:45,0
DA:47,0
DA:48,0
DA:50,0
LF:19
LH:0
BRDA:26,0,0,0
BRF:1
BRH:0
end_of_record
TN:
SF:src\common\strategies\strategies.module.ts
FNF:0
FNH:0
DA:1,0
DA:2,0
DA:3,0
DA:4,0
DA:10,0
LF:5
LH:0
BRF:0
BRH:0
end_of_record
TN:
SF:src\controllers\permission.controller.ts
FN:24,(anonymous_4)
FN:28,(anonymous_5)
FN:34,(anonymous_6)
FN:42,(anonymous_7)
FN:50,(anonymous_8)
FN:56,(anonymous_9)
FNF:6
FNH:6
FNDA:11,(anonymous_4)
FNDA:1,(anonymous_5)
FNDA:4,(anonymous_6)
FNDA:4,(anonymous_7)
FNDA:1,(anonymous_8)
FNDA:2,(anonymous_9)
DA:1,1
DA:14,1
DA:15,1
DA:16,1
DA:17,1
DA:18,1
DA:19,1
DA:23,1
DA:24,11
DA:28,1
DA:29,1
DA:34,1
DA:35,4
DA:36,4
DA:38,3
DA:42,1
DA:43,4
DA:44,4
DA:45,3
DA:50,1
DA:51,1
DA:56,1
DA:57,2
LF:23
LH:23
BRDA:36,0,0,1
BRDA:44,1,0,1
BRF:2
BRH:2
end_of_record
TN:
SF:src\controllers\product.controller.ts
FN:17,(anonymous_4)
FN:20,(anonymous_5)
FN:25,(anonymous_6)
FN:32,(anonymous_7)
FN:39,(anonymous_8)
FN:44,(anonymous_9)
FNF:6
FNH:6
FNDA:9,(anonymous_4)
FNDA:1,(anonymous_5)
FNDA:2,(anonymous_6)
FNDA:2,(anonymous_7)
FNDA:1,(anonymous_8)
FNDA:2,(anonymous_9)
DA:1,1
DA:12,1
DA:13,1
DA:16,1
DA:17,9
DA:20,1
DA:21,1
DA:25,1
DA:26,2
DA:27,2
DA:28,2
DA:32,1
DA:33,2
DA:34,2
DA:35,2
DA:39,1
DA:40,1
DA:44,1
DA:45,2
LF:19
LH:19
BRDA:27,0,0,0
BRDA:34,1,0,0
BRF:2
BRH:0
end_of_record
TN:
SF:src\controllers\request-access.controller.ts
FN:18,(anonymous_4)
FN:22,(anonymous_5)
FN:27,(anonymous_6)
FN:34,(anonymous_7)
FN:41,(anonymous_8)
FN:46,(anonymous_9)
FN:52,(anonymous_10)
FN:57,(anonymous_11)
FN:63,(anonymous_12)
FNF:9
FNH:8
FNDA:1,(anonymous_4)
FNDA:1,(anonymous_5)
FNDA:1,(anonymous_6)
FNDA:1,(anonymous_7)
FNDA:1,(anonymous_8)
FNDA:1,(anonymous_9)
FNDA:1,(anonymous_10)
FNDA:1,(anonymous_11)
FNDA:0,(anonymous_12)
DA:1,1
DA:12,1
DA:13,1
DA:14,1
DA:17,1
DA:18,1
DA:22,1
DA:23,1
DA:27,1
DA:28,1
DA:29,1
DA:30,1
DA:34,1
DA:35,1
DA:36,1
DA:37,1
DA:41,1
DA:42,1
DA:46,1
DA:47,1
DA:48,1
DA:52,1
DA:53,1
DA:57,1
DA:58,1
DA:63,1
DA:64,0
DA:65,0
DA:66,0
LF:29
LH:26
BRDA:29,0,0,0
BRDA:36,1,0,0
BRDA:65,2,0,0
BRF:3
BRH:0
end_of_record
TN:
SF:src\controllers\role.controller.ts
FN:27,(anonymous_4)
FN:32,(anonymous_5)
FN:38,(anonymous_6)
FN:44,(anonymous_7)
FN:52,(anonymous_8)
FN:59,(anonymous_9)
FN:67,(anonymous_10)
FN:76,(anonymous_11)
FN:81,(anonymous_12)
FN:87,(anonymous_13)
FN:94,(anonymous_14)
FN:99,(anonymous_15)
FN:105,(anonymous_16)
FN:112,(anonymous_17)
FN:117,(anonymous_18)
FNF:15
FNH:0
FNDA:0,(anonymous_4)
FNDA:0,(anonymous_5)
FNDA:0,(anonymous_6)
FNDA:0,(anonymous_7)
FNDA:0,(anonymous_8)
FNDA:0,(anonymous_9)
FNDA:0,(anonymous_10)
FNDA:0,(anonymous_11)
FNDA:0,(anonymous_12)
FNDA:0,(anonymous_13)
FNDA:0,(anonymous_14)
FNDA:0,(anonymous_15)
FNDA:0,(anonymous_16)
FNDA:0,(anonymous_17)
FNDA:0,(anonymous_18)
DA:1,0
DA:15,0
DA:16,0
DA:17,0
DA:18,0
DA:19,0
DA:20,0
DA:21,0
DA:22,0
DA:26,0
DA:27,0
DA:32,0
DA:33,0
DA:38,0
DA:39,0
DA:40,0
DA:44,0
DA:45,0
DA:46,0
DA:47,0
DA:52,0
DA:53,0
DA:54,0
DA:55,0
DA:59,0
DA:60,0
DA:61,0
DA:62,0
DA:67,0
DA:69,0
DA:70,0
DA:71,0
DA:76,0
DA:77,0
DA:81,0
DA:82,0
DA:87,0
DA:88,0
DA:94,0
DA:95,0
DA:99,0
DA:100,0
DA:101,0
DA:105,0
DA:106,0
DA:112,0
DA:113,0
DA:117,0
DA:118,0
DA:119,0
LF:50
LH:0
BRDA:46,0,0,0
BRDA:54,1,0,0
BRDA:61,2,0,0
BRDA:70,3,0,0
BRF:4
BRH:0
end_of_record
TN:
SF:src\controllers\tenant.controller.ts
FN:18,(anonymous_4)
FN:21,(anonymous_5)
FN:26,(anonymous_6)
FN:33,(anonymous_7)
FN:40,(anonymous_8)
FN:45,(anonymous_9)
FN:51,(anonymous_10)
FN:59,(anonymous_11)
FNF:8
FNH:6
FNDA:9,(anonymous_4)
FNDA:1,(anonymous_5)
FNDA:2,(anonymous_6)
FNDA:2,(anonymous_7)
FNDA:1,(anonymous_8)
FNDA:2,(anonymous_9)
FNDA:0,(anonymous_10)
FNDA:0,(anonymous_11)
DA:1,1
DA:12,1
DA:13,1
DA:14,1
DA:17,1
DA:18,9
DA:21,1
DA:22,1
DA:26,1
DA:27,2
DA:28,2
DA:29,2
DA:33,1
DA:34,2
DA:35,2
DA:36,2
DA:40,1
DA:41,1
DA:45,1
DA:46,2
DA:51,1
DA:52,0
DA:53,0
DA:54,0
DA:59,1
DA:60,0
LF:26
LH:22
BRDA:28,0,0,0
BRDA:35,1,0,0
BRDA:53,2,0,0
BRF:3
BRH:0
end_of_record
TN:
SF:src\controllers\user.controller.ts
FN:28,(anonymous_4)
FN:32,(anonymous_5)
FN:43,(anonymous_6)
FN:50,(anonymous_7)
FN:56,(anonymous_8)
FN:63,(anonymous_9)
FN:70,(anonymous_10)
FN:80,(anonymous_11)
FN:86,(anonymous_12)
FN:91,(anonymous_13)
FN:96,(anonymous_14)
FN:101,(anonymous_15)
FN:108,(anonymous_16)
FN:113,(anonymous_17)
FN:119,(anonymous_18)
FN:125,(anonymous_19)
FNF:16
FNH:11
FNDA:1,(anonymous_4)
FNDA:1,(anonymous_5)
FNDA:1,(anonymous_6)
FNDA:2,(anonymous_7)
FNDA:2,(anonymous_8)
FNDA:1,(anonymous_9)
FNDA:1,(anonymous_10)
FNDA:1,(anonymous_11)
FNDA:1,(anonymous_12)
FNDA:1,(anonymous_13)
FNDA:1,(anonymous_14)
FNDA:0,(anonymous_15)
FNDA:0,(anonymous_16)
FNDA:0,(anonymous_17)
FNDA:0,(anonymous_18)
FNDA:0,(anonymous_19)
DA:1,1
DA:15,1
DA:16,1
DA:18,1
DA:19,1
DA:20,1
DA:21,1
DA:23,1
DA:27,1
DA:28,1
DA:32,1
DA:34,1
DA:35,1
DA:36,1
DA:43,1
DA:44,1
DA:50,1
DA:51,2
DA:56,1
DA:57,2
DA:58,2
DA:59,1
DA:63,1
DA:64,1
DA:65,1
DA:66,1
DA:70,1
DA:71,1
DA:72,1
DA:73,1
DA:80,1
DA:81,1
DA:86,1
DA:87,1
DA:91,1
DA:92,1
DA:96,1
DA:97,1
DA:101,1
DA:102,0
DA:103,0
DA:104,0
DA:108,1
DA:109,0
DA:113,1
DA:114,0
DA:115,0
DA:119,1
DA:120,0
DA:121,0
DA:125,1
DA:126,0
DA:127,0
LF:53
LH:43
BRDA:35,0,0,0
BRDA:58,1,0,1
BRDA:65,2,0,0
BRDA:72,3,0,0
BRDA:103,4,0,0
BRF:5
BRH:1
end_of_record
TN:
SF:src\entities\permission.entity.ts
FN:11,(anonymous_2)
FN:11,(anonymous_3)
FNF:2
FNH:0
FNDA:0,(anonymous_2)
FNDA:0,(anonymous_3)
DA:1,8
DA:10,8
DA:11,0
DA:14,8
DA:17,8
DA:20,8
DA:23,8
LF:7
LH:6
BRF:0
BRH:0
end_of_record
TN:
SF:src\entities\product.entity.ts
FN:11,(anonymous_2)
FN:11,(anonymous_3)
FNF:2
FNH:0
FNDA:0,(anonymous_2)
FNDA:0,(anonymous_3)
DA:1,8
DA:10,8
DA:11,0
DA:14,8
DA:17,8
LF:5
LH:4
BRF:0
BRH:0
end_of_record
TN:
SF:src\entities\requestaccess.entity.ts
FN:36,(anonymous_2)
FN:36,(anonymous_3)
FN:40,(anonymous_4)
FN:40,(anonymous_5)
FNF:4
FNH:0
FNDA:0,(anonymous_2)
FNDA:0,(anonymous_3)
FNDA:0,(anonymous_4)
FNDA:0,(anonymous_5)
DA:1,2
DA:2,2
DA:5,2
DA:7,2
DA:10,2
DA:13,2
DA:16,2
DA:19,2
DA:22,2
DA:25,2
DA:28,2
DA:31,2
DA:34,2
DA:36,0
DA:38,2
DA:40,0
DA:42,2
LF:17
LH:15
BRF:0
BRH:0
end_of_record
TN:
SF:src\entities\role-permission.entity.ts
FN:10,(anonymous_2)
FN:10,(anonymous_3)
FN:15,(anonymous_4)
FN:15,(anonymous_5)
FN:22,(anonymous_6)
FN:22,(anonymous_7)
FNF:6
FNH:0
FNDA:0,(anonymous_2)
FNDA:0,(anonymous_3)
FNDA:0,(anonymous_4)
FNDA:0,(anonymous_5)
FNDA:0,(anonymous_6)
FNDA:0,(anonymous_7)
DA:1,7
DA:2,7
DA:3,7
DA:6,7
DA:8,7
DA:10,0
DA:13,7
DA:15,0
DA:17,7
DA:20,7
DA:22,0
DA:24,7
LF:12
LH:9
BRF:0
BRH:0
end_of_record
TN:
SF:src\entities\role.entity.ts
FN:13,(anonymous_2)
FN:13,(anonymous_3)
FN:28,(anonymous_4)
FN:29,(anonymous_5)
FNF:4
FNH:0
FNDA:0,(anonymous_2)
FNDA:0,(anonymous_3)
FNDA:0,(anonymous_4)
FNDA:0,(anonymous_5)
DA:1,7
DA:9,7
DA:12,7
DA:13,0
DA:16,7
DA:19,7
DA:22,7
DA:25,7
DA:28,0
DA:29,0
DA:31,7
LF:11
LH:8
BRF:0
BRH:0
end_of_record
TN:
SF:src\entities\tenant.entity.ts
FNF:0
FNH:0
DA:1,7
DA:4,7
DA:6,7
DA:9,7
DA:12,7
DA:15,7
DA:18,7
DA:21,7
LF:8
LH:8
BRF:0
BRH:0
end_of_record
TN:
SF:src\entities\user-create-dto.ts
FNF:0
FNH:0
DA:5,2
LF:1
LH:1
BRF:0
BRH:0
end_of_record
TN:
SF:src\entities\user-product.entity.ts
FN:17,(anonymous_2)
FN:17,(anonymous_3)
FN:28,(anonymous_4)
FN:28,(anonymous_5)
FNF:4
FNH:0
FNDA:0,(anonymous_2)
FNDA:0,(anonymous_3)
FNDA:0,(anonymous_4)
FNDA:0,(anonymous_5)
DA:1,6
DA:9,6
DA:10,6
DA:13,6
DA:15,6
DA:17,0
DA:20,6
DA:23,6
DA:26,6
DA:28,0
DA:30,6
LF:11
LH:9
BRF:0
BRH:0
end_of_record
TN:
SF:src\entities\user-role.entity.ts
FN:17,(anonymous_2)
FN:17,(anonymous_3)
FN:22,(anonymous_4)
FN:22,(anonymous_5)
FN:29,(anonymous_6)
FN:29,(anonymous_7)
FN:33,(anonymous_8)
FN:33,(anonymous_9)
FNF:8
FNH:0
FNDA:0,(anonymous_2)
FNDA:0,(anonymous_3)
FNDA:0,(anonymous_4)
FNDA:0,(anonymous_5)
FNDA:0,(anonymous_6)
FNDA:0,(anonymous_7)
FNDA:0,(anonymous_8)
FNDA:0,(anonymous_9)
DA:1,6
DA:9,6
DA:10,6
DA:13,6
DA:15,6
DA:17,0
DA:20,6
DA:22,0
DA:24,6
DA:27,6
DA:29,0
DA:31,6
DA:33,0
DA:35,6
LF:14
LH:10
BRF:0
BRH:0
end_of_record
TN:
SF:src\entities\user.context.ts
FN:7,(anonymous_2)
FN:11,(anonymous_3)
FN:14,(anonymous_4)
FN:17,(anonymous_5)
FN:21,(anonymous_6)
FNF:5
FNH:1
FNDA:12,(anonymous_2)
FNDA:0,(anonymous_3)
FNDA:0,(anonymous_4)
FNDA:0,(anonymous_5)
FNDA:0,(anonymous_6)
DA:1,5
DA:2,5
DA:6,5
DA:8,12
DA:12,0
DA:15,0
DA:18,0
DA:22,0
DA:23,0
LF:9
LH:4
BRF:0
BRH:0
end_of_record
TN:
SF:src\entities\user.entity.ts
FN:55,(anonymous_2)
FN:55,(anonymous_3)
FN:59,(anonymous_4)
FN:60,(anonymous_5)
FNF:4
FNH:0
FNDA:0,(anonymous_2)
FNDA:0,(anonymous_3)
FNDA:0,(anonymous_4)
FNDA:0,(anonymous_5)
DA:1,6
DA:2,6
DA:3,6
DA:6,6
DA:8,6
DA:11,6
DA:14,6
DA:17,6
DA:20,6
DA:23,6
DA:26,6
DA:29,6
DA:32,6
DA:35,6
DA:38,6
DA:41,6
DA:44,6
DA:47,6
DA:50,6
DA:53,6
DA:55,0
DA:56,6
DA:59,0
DA:60,0
DA:62,6
LF:25
LH:22
BRF:0
BRH:0
end_of_record
TN:
SF:src\repositories\permission.repository.ts
FN:7,(anonymous_4)
FN:12,(anonymous_5)
FN:16,(anonymous_6)
FN:20,(anonymous_7)
FN:24,(anonymous_8)
FN:28,(anonymous_9)
FNF:6
FNH:0
FNDA:0,(anonymous_4)
FNDA:0,(anonymous_5)
FNDA:0,(anonymous_6)
FNDA:0,(anonymous_7)
FNDA:0,(anonymous_8)
FNDA:0,(anonymous_9)
DA:1,2
DA:2,2
DA:3,2
DA:6,2
DA:9,0
DA:13,0
DA:17,0
DA:21,0
DA:25,0
DA:29,0
DA:30,0
DA:31,0
LF:12
LH:4
BRF:0
BRH:0
end_of_record
TN:
SF:src\repositories\product.repository.ts
FN:9,(anonymous_4)
FN:14,(anonymous_5)
FN:18,(anonymous_6)
FN:22,(anonymous_7)
FN:26,(anonymous_8)
FN:30,(anonymous_9)
FNF:6
FNH:0
FNDA:0,(anonymous_4)
FNDA:0,(anonymous_5)
FNDA:0,(anonymous_6)
FNDA:0,(anonymous_7)
FNDA:0,(anonymous_8)
FNDA:0,(anonymous_9)
DA:1,2
DA:2,2
DA:3,2
DA:6,2
DA:11,0
DA:15,0
DA:19,0
DA:23,0
DA:27,0
DA:31,0
DA:32,0
DA:33,0
LF:12
LH:4
BRF:0
BRH:0
end_of_record
TN:
SF:src\repositories\requestacess.repository.ts
FN:9,(anonymous_4)
FN:14,(anonymous_5)
FN:18,(anonymous_6)
FN:24,(anonymous_7)
FN:32,(anonymous_8)
FN:41,(anonymous_9)
FN:45,(anonymous_10)
FN:49,(anonymous_11)
FNF:8
FNH:0
FNDA:0,(anonymous_4)
FNDA:0,(anonymous_5)
FNDA:0,(anonymous_6)
FNDA:0,(anonymous_7)
FNDA:0,(anonymous_8)
FNDA:0,(anonymous_9)
FNDA:0,(anonymous_10)
FNDA:0,(anonymous_11)
DA:1,2
DA:2,2
DA:3,2
DA:6,2
DA:11,0
DA:15,0
DA:21,0
DA:25,0
DA:33,0
DA:42,0
DA:46,0
DA:50,0
LF:12
LH:4
BRF:0
BRH:0
end_of_record
TN:
SF:src\repositories\role.repository.ts
FN:8,(anonymous_4)
FN:15,(anonymous_5)
FN:28,(anonymous_6)
FN:32,(anonymous_7)
FN:39,(anonymous_8)
FN:43,(anonymous_9)
FN:47,(anonymous_10)
FN:56,(anonymous_11)
FN:65,(anonymous_12)
FN:73,(anonymous_13)
FN:83,(anonymous_14)
FN:92,(anonymous_15)
FN:96,(anonymous_16)
FN:102,(anonymous_17)
FN:107,(anonymous_18)
FN:114,(anonymous_19)
FN:120,(anonymous_20)
FNF:17
FNH:0
FNDA:0,(anonymous_4)
FNDA:0,(anonymous_5)
FNDA:0,(anonymous_6)
FNDA:0,(anonymous_7)
FNDA:0,(anonymous_8)
FNDA:0,(anonymous_9)
FNDA:0,(anonymous_10)
FNDA:0,(anonymous_11)
FNDA:0,(anonymous_12)
FNDA:0,(anonymous_13)
FNDA:0,(anonymous_14)
FNDA:0,(anonymous_15)
FNDA:0,(anonymous_16)
FNDA:0,(anonymous_17)
FNDA:0,(anonymous_18)
FNDA:0,(anonymous_19)
FNDA:0,(anonymous_20)
DA:1,6
DA:2,6
DA:3,6
DA:4,6
DA:7,6
DA:10,0
DA:12,0
DA:16,0
DA:17,0
DA:21,0
DA:22,0
DA:24,0
DA:25,0
DA:29,0
DA:33,0
DA:34,0
DA:36,0
DA:40,0
DA:44,0
DA:48,0
DA:49,0
DA:50,0
DA:51,0
DA:52,0
DA:53,0
DA:57,0
DA:66,0
DA:67,0
DA:73,0
DA:74,0
DA:80,0
DA:84,0
DA:93,0
DA:97,0
DA:98,0
DA:99,0
DA:103,0
DA:104,0
DA:108,0
DA:115,0
DA:116,0
DA:117,0
DA:121,0
DA:122,0
LF:44
LH:5
BRDA:21,0,0,0
BRDA:33,1,0,0
BRF:2
BRH:0
end_of_record
TN:
SF:src\repositories\tenant.repository.ts
FN:10,(anonymous_4)
FN:15,(anonymous_5)
FN:19,(anonymous_6)
FN:23,(anonymous_7)
FN:27,(anonymous_8)
FN:31,(anonymous_9)
FN:37,(anonymous_10)
FN:44,(anonymous_11)
FN:51,(anonymous_12)
FNF:9
FNH:0
FNDA:0,(anonymous_4)
FNDA:0,(anonymous_5)
FNDA:0,(anonymous_6)
FNDA:0,(anonymous_7)
FNDA:0,(anonymous_8)
FNDA:0,(anonymous_9)
FNDA:0,(anonymous_10)
FNDA:0,(anonymous_11)
FNDA:0,(anonymous_12)
DA:1,7
DA:2,7
DA:4,7
DA:7,7
DA:12,0
DA:16,0
DA:20,0
DA:24,0
DA:28,0
DA:32,0
DA:33,0
DA:34,0
DA:38,0
DA:45,0
DA:52,0
LF:15
LH:4
BRF:0
BRH:0
end_of_record
TN:
SF:src\repositories\user.repository.ts
FN:11,(anonymous_4)
FN:19,(anonymous_5)
FN:23,(anonymous_6)
FN:27,(anonymous_7)
FN:31,(anonymous_8)
FN:40,(anonymous_9)
FN:49,(anonymous_10)
FN:53,(anonymous_11)
FN:60,(anonymous_12)
FN:70,(anonymous_13)
FN:81,(anonymous_14)
FN:85,(anonymous_15)
FN:94,(anonymous_16)
FN:103,(anonymous_17)
FN:112,(anonymous_18)
FN:121,(anonymous_19)
FN:141,(anonymous_20)
FN:147,(anonymous_21)
FN:156,(anonymous_22)
FN:165,(anonymous_23)
FN:173,(anonymous_24)
FNF:21
FNH:0
FNDA:0,(anonymous_4)
FNDA:0,(anonymous_5)
FNDA:0,(anonymous_6)
FNDA:0,(anonymous_7)
FNDA:0,(anonymous_8)
FNDA:0,(anonymous_9)
FNDA:0,(anonymous_10)
FNDA:0,(anonymous_11)
FNDA:0,(anonymous_12)
FNDA:0,(anonymous_13)
FNDA:0,(anonymous_14)
FNDA:0,(anonymous_15)
FNDA:0,(anonymous_16)
FNDA:0,(anonymous_17)
FNDA:0,(anonymous_18)
FNDA:0,(anonymous_19)
FNDA:0,(anonymous_20)
FNDA:0,(anonymous_21)
FNDA:0,(anonymous_22)
FNDA:0,(anonymous_23)
FNDA:0,(anonymous_24)
DA:1,5
DA:2,5
DA:3,5
DA:5,5
DA:6,5
DA:7,5
DA:10,5
DA:12,0
DA:14,0
DA:16,0
DA:20,0
DA:24,0
DA:28,0
DA:32,0
DA:41,0
DA:50,0
DA:54,0
DA:55,0
DA:56,0
DA:57,0
DA:61,0
DA:71,0
DA:82,0
DA:86,0
DA:95,0
DA:104,0
DA:113,0
DA:122,0
DA:123,0
DA:131,0
DA:132,0
DA:138,0
DA:143,0
DA:144,0
DA:148,0
DA:157,0
DA:166,0
DA:174,0
LF:38
LH:7
BRDA:56,0,0,0
BRF:1
BRH:0
end_of_record
TN:
SF:src\services\permission.service.ts
FN:8,(anonymous_2)
FN:13,(anonymous_3)
FN:18,(anonymous_4)
FN:22,(anonymous_5)
FN:27,(anonymous_6)
FN:31,(anonymous_7)
FNF:6
FNH:6
FNDA:9,(anonymous_2)
FNDA:1,(anonymous_3)
FNDA:2,(anonymous_4)
FNDA:2,(anonymous_5)
FNDA:1,(anonymous_6)
FNDA:2,(anonymous_7)
DA:1,2
DA:3,2
DA:4,2
DA:7,2
DA:9,9
DA:10,9
DA:14,1
DA:15,1
DA:19,2
DA:23,2
DA:24,2
DA:28,1
DA:32,2
LF:13
LH:13
BRF:0
BRH:0
end_of_record
TN:
SF:src\services\product.service.ts
FN:8,(anonymous_2)
FN:13,(anonymous_3)
FN:18,(anonymous_4)
FN:24,(anonymous_5)
FN:30,(anonymous_6)
FN:35,(anonymous_7)
FNF:6
FNH:6
FNDA:9,(anonymous_2)
FNDA:1,(anonymous_3)
FNDA:1,(anonymous_4)
FNDA:1,(anonymous_5)
FNDA:1,(anonymous_6)
FNDA:1,(anonymous_7)
DA:1,2
DA:3,2
DA:4,2
DA:7,2
DA:9,9
DA:10,9
DA:14,1
DA:15,1
DA:19,1
DA:20,1
DA:21,1
DA:25,1
DA:26,1
DA:27,1
DA:31,1
DA:32,1
DA:36,1
LF:17
LH:17
BRDA:20,0,0,0
BRDA:26,1,0,0
BRF:2
BRH:0
end_of_record
TN:
SF:src\services\request-access.service.ts
FN:11,(anonymous_2)
FN:17,(anonymous_3)
FN:23,(anonymous_4)
FN:29,(anonymous_5)
FN:35,(anonymous_6)
FN:40,(anonymous_7)
FN:47,(anonymous_8)
FN:49,(anonymous_9)
FN:55,(anonymous_10)
FN:93,(anonymous_11)
FN:97,(anonymous_12)
FNF:11
FNH:9
FNDA:12,(anonymous_2)
FNDA:0,(anonymous_3)
FNDA:1,(anonymous_4)
FNDA:1,(anonymous_5)
FNDA:1,(anonymous_6)
FNDA:1,(anonymous_7)
FNDA:2,(anonymous_8)
FNDA:6,(anonymous_9)
FNDA:2,(anonymous_10)
FNDA:1,(anonymous_11)
FNDA:0,(anonymous_12)
DA:1,2
DA:2,2
DA:4,2
DA:5,2
DA:7,2
DA:10,2
DA:12,12
DA:13,12
DA:14,12
DA:18,0
DA:19,0
DA:20,0
DA:24,1
DA:25,1
DA:26,1
DA:30,1
DA:31,1
DA:32,1
DA:36,1
DA:37,1
DA:41,1
DA:42,1
DA:43,1
DA:48,2
DA:49,2
DA:50,6
DA:52,2
DA:56,2
DA:58,2
DA:59,2
DA:60,1
DA:63,1
DA:64,1
DA:87,1
DA:89,2
DA:90,2
DA:94,1
DA:98,0
LF:38
LH:34
BRDA:25,0,0,0
BRDA:31,1,0,0
BRDA:50,2,0,2
BRDA:56,3,0,0
BRDA:59,4,0,1
BRDA:59,4,1,1
BRF:6
BRH:3
end_of_record
TN:
SF:src\services\role.service.ts
FN:8,(anonymous_2)
FN:10,(anonymous_3)
FN:14,(anonymous_4)
FN:18,(anonymous_5)
FN:22,(anonymous_6)
FN:26,(anonymous_7)
FN:30,(anonymous_8)
FN:34,(anonymous_9)
FN:38,(anonymous_10)
FN:41,(anonymous_11)
FN:42,(anonymous_12)
FN:50,(anonymous_13)
FN:54,(anonymous_14)
FN:58,(anonymous_15)
FN:64,(anonymous_16)
FN:69,(anonymous_17)
FN:73,(anonymous_18)
FNF:17
FNH:6
FNDA:22,(anonymous_2)
FNDA:1,(anonymous_3)
FNDA:1,(anonymous_4)
FNDA:1,(anonymous_5)
FNDA:1,(anonymous_6)
FNDA:1,(anonymous_7)
FNDA:0,(anonymous_8)
FNDA:0,(anonymous_9)
FNDA:0,(anonymous_10)
FNDA:0,(anonymous_11)
FNDA:0,(anonymous_12)
FNDA:0,(anonymous_13)
FNDA:0,(anonymous_14)
FNDA:0,(anonymous_15)
FNDA:0,(anonymous_16)
FNDA:0,(anonymous_17)
FNDA:0,(anonymous_18)
DA:1,6
DA:4,6
DA:7,6
DA:8,22
DA:11,1
DA:15,1
DA:19,1
DA:23,1
DA:27,1
DA:31,0
DA:35,0
DA:39,0
DA:40,0
DA:41,0
DA:42,0
DA:43,0
DA:46,0
DA:47,0
DA:51,0
DA:55,0
DA:59,0
DA:60,0
DA:61,0
DA:65,0
DA:66,0
DA:70,0
DA:74,0
DA:75,0
LF:28
LH:9
BRF:0
BRH:0
end_of_record
TN:
SF:src\services\tenant.service.ts
FN:9,(anonymous_2)
FN:14,(anonymous_3)
FN:19,(anonymous_4)
FN:23,(anonymous_5)
FN:27,(anonymous_6)
FN:38,(anonymous_7)
FN:42,(anonymous_8)
FN:46,(anonymous_9)
FN:50,(anonymous_10)
FNF:9
FNH:6
FNDA:9,(anonymous_2)
FNDA:1,(anonymous_3)
FNDA:1,(anonymous_4)
FNDA:1,(anonymous_5)
FNDA:1,(anonymous_6)
FNDA:1,(anonymous_7)
FNDA:0,(anonymous_8)
FNDA:0,(anonymous_9)
FNDA:0,(anonymous_10)
DA:1,2
DA:2,2
DA:3,2
DA:5,2
DA:8,2
DA:10,9
DA:11,9
DA:15,1
DA:16,1
DA:20,1
DA:24,1
DA:28,1
DA:30,1
DA:31,1
DA:32,1
DA:33,1
DA:34,1
DA:35,1
DA:39,1
DA:43,0
DA:47,0
DA:51,0
LF:22
LH:19
BRF:0
BRH:0
end_of_record
TN:
SF:src\services\user.service.ts
FN:12,(anonymous_2)
FN:20,(anonymous_3)
FN:37,(anonymous_4)
FN:43,(anonymous_5)
FN:49,(anonymous_6)
FN:61,(anonymous_7)
FN:65,(anonymous_8)
FN:69,(anonymous_9)
FN:73,(anonymous_10)
FN:77,(anonymous_11)
FN:81,(anonymous_12)
FN:85,(anonymous_13)
FN:89,(anonymous_14)
FN:93,(anonymous_15)
FN:105,(anonymous_16)
FN:110,(anonymous_17)
FN:116,(anonymous_18)
FNF:17
FNH:7
FNDA:1,(anonymous_2)
FNDA:1,(anonymous_3)
FNDA:1,(anonymous_4)
FNDA:1,(anonymous_5)
FNDA:1,(anonymous_6)
FNDA:1,(anonymous_7)
FNDA:0,(anonymous_8)
FNDA:0,(anonymous_9)
FNDA:1,(anonymous_10)
FNDA:0,(anonymous_11)
FNDA:0,(anonymous_12)
FNDA:0,(anonymous_13)
FNDA:0,(anonymous_14)
FNDA:0,(anonymous_15)
FNDA:0,(anonymous_16)
FNDA:0,(anonymous_17)
FNDA:0,(anonymous_18)
DA:1,5
DA:3,5
DA:5,5
DA:6,5
DA:7,5
DA:8,5
DA:11,5
DA:13,1
DA:14,1
DA:15,1
DA:16,1
DA:17,1
DA:21,1
DA:22,1
DA:23,1
DA:24,1
DA:25,0
DA:26,0
DA:28,1
DA:30,1
DA:31,0
DA:32,0
DA:34,1
DA:38,1
DA:39,1
DA:40,1
DA:44,1
DA:45,1
DA:46,1
DA:50,1
DA:52,1
DA:53,1
DA:55,1
DA:56,1
DA:57,1
DA:58,1
DA:62,1
DA:66,0
DA:70,0
DA:74,1
DA:78,0
DA:82,0
DA:86,0
DA:90,0
DA:94,0
DA:95,0
DA:96,0
DA:99,0
DA:100,0
DA:101,0
DA:106,0
DA:107,0
DA:111,0
DA:112,0
DA:113,0
DA:117,0
DA:118,0
DA:119,0
LF:58
LH:34
BRDA:39,0,0,0
BRDA:45,1,0,0
BRDA:95,2,0,0
BRDA:95,2,1,0
BRDA:100,3,0,0
BRF:5
BRH:0
end_of_record
